Determining if the function log exists failed with the following output:
Change Dir: /home/zs/Doc/driver/user/cmake/tutorial/Step4/CMakeFiles/CMakeTmp

Run Build Command:"/usr/bin/make" "cmTC_0ed52/fast"
/usr/bin/make -f CMakeFiles/cmTC_0ed52.dir/build.make CMakeFiles/cmTC_0ed52.dir/build
make[1]: 进入目录“/home/zs/Doc/driver/user/cmake/tutorial/Step4/CMakeFiles/CMakeTmp”
Building C object CMakeFiles/cmTC_0ed52.dir/CheckFunctionExists.c.o
/usr/bin/cc   -DCHECK_FUNCTION_EXISTS=log   -o CMakeFiles/cmTC_0ed52.dir/CheckFunctionExists.c.o   -c /usr/share/cmake-3.10/Modules/CheckFunctionExists.c
<command-line>:0:23: warning: conflicting types for built-in function ‘log’ [-Wbuiltin-declaration-mismatch]
/usr/share/cmake-3.10/Modules/CheckFunctionExists.c:7:3: note: in expansion of macro ‘CHECK_FUNCTION_EXISTS’
   CHECK_FUNCTION_EXISTS(void);
   ^~~~~~~~~~~~~~~~~~~~~
Linking C executable cmTC_0ed52
/usr/bin/cmake -E cmake_link_script CMakeFiles/cmTC_0ed52.dir/link.txt --verbose=1
/usr/bin/cc  -DCHECK_FUNCTION_EXISTS=log    -rdynamic CMakeFiles/cmTC_0ed52.dir/CheckFunctionExists.c.o  -o cmTC_0ed52 
CMakeFiles/cmTC_0ed52.dir/CheckFunctionExists.c.o：在函数‘main’中：
CheckFunctionExists.c:(.text+0x10)：对‘log’未定义的引用
collect2: error: ld returned 1 exit status
CMakeFiles/cmTC_0ed52.dir/build.make:97: recipe for target 'cmTC_0ed52' failed
make[1]: *** [cmTC_0ed52] Error 1
make[1]: 离开目录“/home/zs/Doc/driver/user/cmake/tutorial/Step4/CMakeFiles/CMakeTmp”
Makefile:126: recipe for target 'cmTC_0ed52/fast' failed
make: *** [cmTC_0ed52/fast] Error 2


Determining if the function exp exists failed with the following output:
Change Dir: /home/zs/Doc/driver/user/cmake/tutorial/Step4/CMakeFiles/CMakeTmp

Run Build Command:"/usr/bin/make" "cmTC_87917/fast"
/usr/bin/make -f CMakeFiles/cmTC_87917.dir/build.make CMakeFiles/cmTC_87917.dir/build
make[1]: 进入目录“/home/zs/Doc/driver/user/cmake/tutorial/Step4/CMakeFiles/CMakeTmp”
Building C object CMakeFiles/cmTC_87917.dir/CheckFunctionExists.c.o
/usr/bin/cc   -DCHECK_FUNCTION_EXISTS=exp   -o CMakeFiles/cmTC_87917.dir/CheckFunctionExists.c.o   -c /usr/share/cmake-3.10/Modules/CheckFunctionExists.c
<command-line>:0:23: warning: conflicting types for built-in function ‘exp’ [-Wbuiltin-declaration-mismatch]
/usr/share/cmake-3.10/Modules/CheckFunctionExists.c:7:3: note: in expansion of macro ‘CHECK_FUNCTION_EXISTS’
   CHECK_FUNCTION_EXISTS(void);
   ^~~~~~~~~~~~~~~~~~~~~
Linking C executable cmTC_87917
/usr/bin/cmake -E cmake_link_script CMakeFiles/cmTC_87917.dir/link.txt --verbose=1
/usr/bin/cc  -DCHECK_FUNCTION_EXISTS=exp    -rdynamic CMakeFiles/cmTC_87917.dir/CheckFunctionExists.c.o  -o cmTC_87917 
CMakeFiles/cmTC_87917.dir/CheckFunctionExists.c.o：在函数‘main’中：
CheckFunctionExists.c:(.text+0x10)：对‘exp’未定义的引用
collect2: error: ld returned 1 exit status
CMakeFiles/cmTC_87917.dir/build.make:97: recipe for target 'cmTC_87917' failed
make[1]: *** [cmTC_87917] Error 1
make[1]: 离开目录“/home/zs/Doc/driver/user/cmake/tutorial/Step4/CMakeFiles/CMakeTmp”
Makefile:126: recipe for target 'cmTC_87917/fast' failed
make: *** [cmTC_87917/fast] Error 2


